"Signed transaction with txID: MKCJYKZJ26GSXYBTN2UZOJAPMW63ZW54KIBQL7OTUZJJDCGNPIUA\nCreated new app-id: 1529":
    txID: MKCJYKZJ26GSXYBTN2UZOJAPMW63ZW54KIBQL7OTUZJJDCGNPIUA
    application-index: 1529
    confirmed-round: 149137
    pool-error: ""
    txn:
        sig:
            - 155
            - 170
            - 45
            - 178
            - 219
            - 253
            - 200
            - 24
            - 224
            - 33
            - 170
            - 63
            - 153
            - 59
            - 252
            - 43
            - 100
            - 26
            - 28
            - 216
            - 77
            - 8
            - 29
            - 64
            - 77
            - 104
            - 65
            - 210
            - 229
            - 226
            - 242
            - 230
            - 54
            - 57
            - 204
            - 254
            - 80
            - 18
            - 143
            - 181
            - 59
            - 195
            - 113
            - 106
            - 214
            - 153
            - 117
            - 217
            - 205
            - 17
            - 169
            - 2
            - 68
            - 77
            - 131
            - 168
            - 6
            - 232
            - 255
            - 210
            - 126
            - 50
            - 124
            - 14
        txn:
            apap:
                - 6
                - 32
                - 3
                - 1
                - 0
                - 4
                - 38
                - 1
                - 7
                - 97
                - 115
                - 115
                - 101
                - 116
                - 73
                - 68
                - 49
                - 32
                - 50
                - 3
                - 18
                - 68
                - 49
                - 9
                - 50
                - 3
                - 18
                - 68
                - 49
                - 21
                - 50
                - 3
                - 18
                - 68
                - 50
                - 4
                - 34
                - 18
                - 68
                - 49
                - 24
                - 35
                - 18
                - 64
                - 1
                - 24
                - 49
                - 25
                - 34
                - 18
                - 64
                - 1
                - 15
                - 49
                - 25
                - 129
                - 2
                - 18
                - 64
                - 1
                - 5
                - 49
                - 25
                - 36
                - 18
                - 64
                - 0
                - 252
                - 49
                - 25
                - 129
                - 5
                - 18
                - 64
                - 0
                - 242
                - 49
                - 25
                - 35
                - 18
                - 64
                - 0
                - 1
                - 0
                - 54
                - 26
                - 0
                - 128
                - 4
                - 77
                - 105
                - 110
                - 116
                - 18
                - 64
                - 0
                - 158
                - 54
                - 26
                - 0
                - 128
                - 5
                - 73
                - 115
                - 115
                - 117
                - 101
                - 18
                - 64
                - 0
                - 71
                - 54
                - 26
                - 0
                - 128
                - 6
                - 82
                - 101
                - 118
                - 111
                - 107
                - 101
                - 18
                - 64
                - 0
                - 1
                - 0
                - 49
                - 0
                - 50
                - 9
                - 18
                - 68
                - 35
                - 40
                - 101
                - 53
                - 1
                - 53
                - 0
                - 52
                - 1
                - 68
                - 54
                - 28
                - 1
                - 40
                - 100
                - 112
                - 0
                - 53
                - 5
                - 53
                - 4
                - 52
                - 4
                - 34
                - 18
                - 68
                - 177
                - 36
                - 178
                - 16
                - 54
                - 28
                - 1
                - 178
                - 19
                - 50
                - 10
                - 178
                - 20
                - 34
                - 178
                - 18
                - 40
                - 100
                - 178
                - 17
                - 179
                - 34
                - 67
                - 49
                - 0
                - 50
                - 9
                - 18
                - 68
                - 35
                - 40
                - 101
                - 53
                - 1
                - 53
                - 0
                - 52
                - 1
                - 68
                - 50
                - 10
                - 40
                - 100
                - 112
                - 0
                - 53
                - 3
                - 53
                - 2
                - 52
                - 2
                - 34
                - 15
                - 68
                - 54
                - 28
                - 1
                - 40
                - 100
                - 112
                - 0
                - 53
                - 5
                - 53
                - 4
                - 52
                - 5
                - 68
                - 52
                - 4
                - 35
                - 18
                - 68
                - 177
                - 36
                - 178
                - 16
                - 40
                - 100
                - 178
                - 17
                - 50
                - 10
                - 178
                - 19
                - 54
                - 28
                - 1
                - 178
                - 20
                - 34
                - 178
                - 18
                - 179
                - 34
                - 67
                - 49
                - 0
                - 50
                - 9
                - 18
                - 68
                - 35
                - 40
                - 101
                - 53
                - 1
                - 53
                - 0
                - 52
                - 1
                - 20
                - 68
                - 177
                - 129
                - 3
                - 178
                - 16
                - 54
                - 26
                - 1
                - 23
                - 178
                - 34
                - 35
                - 178
                - 35
                - 34
                - 178
                - 36
                - 54
                - 26
                - 2
                - 178
                - 38
                - 54
                - 26
                - 3
                - 178
                - 37
                - 50
                - 10
                - 178
                - 41
                - 50
                - 10
                - 178
                - 43
                - 50
                - 10
                - 178
                - 44
                - 179
                - 40
                - 180
                - 60
                - 103
                - 34
                - 67
                - 35
                - 67
                - 35
                - 67
                - 34
                - 67
                - 35
                - 67
                - 34
                - 67
            apgs:
                nui: 1
            apsu:
                - 6
                - 129
                - 1
                - 67
            fee: 1000
            fv: 149135
            gen: sandnet-v1
            gh:
                - 112
                - 146
                - 63
                - 62
                - 245
                - 149
                - 87
                - 133
                - 44
                - 236
                - 200
                - 237
                - 58
                - 173
                - 179
                - 94
                - 138
                - 147
                - 75
                - 127
                - 199
                - 77
                - 192
                - 165
                - 26
                - 111
                - 237
                - 73
                - 210
                - 242
                - 202
                - 144
            lv: 150135
            snd:
                - 32
                - 1
                - 4
                - 14
                - 70
                - 34
                - 116
                - 75
                - 96
                - 81
                - 225
                - 78
                - 217
                - 162
                - 73
                - 2
                - 167
                - 57
                - 84
                - 5
                - 166
                - 37
                - 137
                - 8
                - 188
                - 197
                - 48
                - 133
                - 177
                - 235
                - 224
                - 105
            type: appl
