"Signed transaction with txID: G6AJHSNP7ZJQ7BY6R4TFOYLZAXUXNAKWWNUC6PBAGN5AB6FEWXQA\nCreated new app-id: 1546":
    txID: G6AJHSNP7ZJQ7BY6R4TFOYLZAXUXNAKWWNUC6PBAGN5AB6FEWXQA
    application-index: 1546
    confirmed-round: 149785
    global-state-delta:
        - key: VGl0bGU=
          value:
              action: 1
              bytes: UHJvcG9zYWwgVGl0bGU=
        - key: YXNzZXRJRA==
          value:
              action: 2
              uint: 1532
        - key: QWdhaW5zdA==
          value:
              action: 2
        - key: RGVzYw==
          value:
              action: 1
              bytes: RGVzY3JpcHRpb24gb2YgdGhlIFByb3Bvc2Fs
        - key: Rm9y
          value:
              action: 2
    pool-error: ""
    sender-rewards: 12038887227
    txn:
        sig:
            - 58
            - 175
            - 62
            - 136
            - 12
            - 108
            - 53
            - 8
            - 154
            - 252
            - 51
            - 72
            - 136
            - 28
            - 5
            - 159
            - 63
            - 209
            - 80
            - 88
            - 20
            - 138
            - 233
            - 245
            - 103
            - 81
            - 158
            - 168
            - 233
            - 218
            - 130
            - 48
            - 161
            - 147
            - 81
            - 156
            - 232
            - 149
            - 11
            - 240
            - 95
            - 110
            - 162
            - 83
            - 239
            - 26
            - 141
            - 163
            - 91
            - 137
            - 203
            - 38
            - 245
            - 243
            - 151
            - 153
            - 192
            - 30
            - 156
            - 39
            - 145
            - 182
            - 123
            - 2
        txn:
            apaa:
                - - 80
                  - 114
                  - 111
                  - 112
                  - 111
                  - 115
                  - 97
                  - 108
                  - 32
                  - 84
                  - 105
                  - 116
                  - 108
                  - 101
                - - 68
                  - 101
                  - 115
                  - 99
                  - 114
                  - 105
                  - 112
                  - 116
                  - 105
                  - 111
                  - 110
                  - 32
                  - 111
                  - 102
                  - 32
                  - 116
                  - 104
                  - 101
                  - 32
                  - 80
                  - 114
                  - 111
                  - 112
                  - 111
                  - 115
                  - 97
                  - 108
                - - 0
                  - 0
                  - 0
                  - 0
                  - 0
                  - 0
                  - 5
                  - 252
            apap:
                - 6
                - 32
                - 2
                - 1
                - 0
                - 38
                - 4
                - 5
                - 86
                - 111
                - 116
                - 101
                - 100
                - 3
                - 70
                - 111
                - 114
                - 7
                - 65
                - 103
                - 97
                - 105
                - 110
                - 115
                - 116
                - 7
                - 97
                - 115
                - 115
                - 101
                - 116
                - 73
                - 68
                - 49
                - 32
                - 50
                - 3
                - 18
                - 68
                - 49
                - 9
                - 50
                - 3
                - 18
                - 68
                - 49
                - 21
                - 50
                - 3
                - 18
                - 68
                - 50
                - 4
                - 34
                - 18
                - 68
                - 49
                - 24
                - 35
                - 18
                - 64
                - 0
                - 172
                - 49
                - 25
                - 34
                - 18
                - 64
                - 0
                - 137
                - 49
                - 25
                - 129
                - 2
                - 18
                - 64
                - 0
                - 127
                - 49
                - 25
                - 129
                - 4
                - 18
                - 64
                - 0
                - 117
                - 49
                - 25
                - 129
                - 5
                - 18
                - 64
                - 0
                - 107
                - 49
                - 25
                - 35
                - 18
                - 64
                - 0
                - 1
                - 0
                - 54
                - 26
                - 0
                - 41
                - 18
                - 64
                - 0
                - 50
                - 54
                - 26
                - 0
                - 42
                - 18
                - 64
                - 0
                - 1
                - 0
                - 49
                - 0
                - 49
                - 24
                - 97
                - 68
                - 49
                - 0
                - 43
                - 100
                - 112
                - 0
                - 53
                - 1
                - 53
                - 0
                - 52
                - 0
                - 34
                - 18
                - 68
                - 49
                - 0
                - 40
                - 98
                - 35
                - 18
                - 68
                - 49
                - 0
                - 40
                - 34
                - 102
                - 42
                - 42
                - 100
                - 34
                - 8
                - 103
                - 34
                - 67
                - 49
                - 0
                - 49
                - 24
                - 97
                - 68
                - 49
                - 0
                - 43
                - 100
                - 112
                - 0
                - 53
                - 1
                - 53
                - 0
                - 52
                - 0
                - 34
                - 18
                - 68
                - 49
                - 0
                - 40
                - 98
                - 35
                - 18
                - 68
                - 49
                - 0
                - 40
                - 34
                - 102
                - 41
                - 41
                - 100
                - 34
                - 8
                - 103
                - 34
                - 67
                - 35
                - 67
                - 35
                - 67
                - 35
                - 67
                - 49
                - 0
                - 49
                - 24
                - 97
                - 68
                - 49
                - 0
                - 43
                - 100
                - 112
                - 0
                - 53
                - 1
                - 53
                - 0
                - 52
                - 0
                - 34
                - 18
                - 68
                - 49
                - 0
                - 40
                - 35
                - 102
                - 34
                - 67
                - 128
                - 5
                - 84
                - 105
                - 116
                - 108
                - 101
                - 54
                - 26
                - 0
                - 103
                - 128
                - 4
                - 68
                - 101
                - 115
                - 99
                - 54
                - 26
                - 1
                - 103
                - 43
                - 54
                - 26
                - 2
                - 23
                - 103
                - 41
                - 35
                - 103
                - 42
                - 35
                - 103
                - 34
                - 67
            apgs:
                nbs: 2
                nui: 4
            apls:
                nui: 1
            apsu:
                - 6
                - 129
                - 1
                - 67
            fee: 1000
            fv: 149783
            gen: sandnet-v1
            gh:
                - 112
                - 146
                - 63
                - 62
                - 245
                - 149
                - 87
                - 133
                - 44
                - 236
                - 200
                - 237
                - 58
                - 173
                - 179
                - 94
                - 138
                - 147
                - 75
                - 127
                - 199
                - 77
                - 192
                - 165
                - 26
                - 111
                - 237
                - 73
                - 210
                - 242
                - 202
                - 144
            lv: 150783
            snd:
                - 32
                - 1
                - 4
                - 14
                - 70
                - 34
                - 116
                - 75
                - 96
                - 81
                - 225
                - 78
                - 217
                - 162
                - 73
                - 2
                - 167
                - 57
                - 84
                - 5
                - 166
                - 37
                - 137
                - 8
                - 188
                - 197
                - 48
                - 133
                - 177
                - 235
                - 224
                - 105
            type: appl
